c:\users\albin\documents\github\elements-of-animation\new try\vs13-pathfinding\vs13-pathfinding\debug\vc120.pdb
c:\users\albin\documents\github\elements-of-animation\new try\vs13-pathfinding\vs13-pathfinding\debug\vc120.idb
c:\users\albin\documents\github\elements-of-animation\new try\vs13-pathfinding\vs13-pathfinding\debug\bidirectional.obj
c:\users\albin\documents\github\elements-of-animation\new try\vs13-pathfinding\vs13-pathfinding\debug\grid.obj
c:\users\albin\documents\github\elements-of-animation\new try\vs13-pathfinding\vs13-pathfinding\debug\main.obj
c:\users\albin\documents\github\elements-of-animation\new try\vs13-pathfinding\vs13-pathfinding\debug\model.obj
c:\users\albin\documents\github\elements-of-animation\new try\vs13-pathfinding\vs13-pathfinding\debug\node.obj
c:\users\albin\documents\github\elements-of-animation\new try\vs13-pathfinding\vs13-pathfinding\debug\particle.obj
c:\users\albin\documents\github\elements-of-animation\new try\vs13-pathfinding\vs13-pathfinding\debug\plane.obj
c:\users\albin\documents\github\elements-of-animation\new try\vs13-pathfinding\vs13-pathfinding\debug\shaderloader.obj
c:\users\albin\documents\github\elements-of-animation\new try\vs13-pathfinding\vs13-pathfinding\debug\solidsphere.obj
c:\users\albin\documents\github\elements-of-animation\new try\vs13-pathfinding\debug\vs13-pathfinding.ilk
c:\users\albin\documents\github\elements-of-animation\new try\vs13-pathfinding\debug\vs13-pathfinding.exe
c:\users\albin\documents\github\elements-of-animation\new try\vs13-pathfinding\debug\vs13-pathfinding.pdb
c:\users\albin\documents\github\elements-of-animation\new try\vs13-pathfinding\vs13-pathfinding\debug\vs13-pathfinding.tlog\cl.command.1.tlog
c:\users\albin\documents\github\elements-of-animation\new try\vs13-pathfinding\vs13-pathfinding\debug\vs13-pathfinding.tlog\cl.read.1.tlog
c:\users\albin\documents\github\elements-of-animation\new try\vs13-pathfinding\vs13-pathfinding\debug\vs13-pathfinding.tlog\cl.write.1.tlog
c:\users\albin\documents\github\elements-of-animation\new try\vs13-pathfinding\vs13-pathfinding\debug\vs13-pathfinding.tlog\link.command.1.tlog
c:\users\albin\documents\github\elements-of-animation\new try\vs13-pathfinding\vs13-pathfinding\debug\vs13-pathfinding.tlog\link.read.1.tlog
c:\users\albin\documents\github\elements-of-animation\new try\vs13-pathfinding\vs13-pathfinding\debug\vs13-pathfinding.tlog\link.write.1.tlog
