Build started 11/01/2017 21:15:47.
     1>Project "C:\Users\Albin\Documents\GitHub\Elements-of-Animation\New try\VS13-Pathfinding\VS13-Pathfinding\VS13-Pathfinding.vcxproj" on node 2 (Build target(s)).
     1>ClCompile:
         C:\Program Files (x86)\Microsoft Visual Studio 12.0\VC\bin\CL.exe /c /ZI /nologo /W3 /WX- /sdl /Od /Oy- /D _MBCS /Gm /EHsc /RTC1 /MDd /GS /fp:precise /Zc:wchar_t /Zc:forScope /Fo"Debug\\" /Fd"Debug\vc120.pdb" /Gd /TP /analyze- /errorReport:prompt main.cpp
         main.cpp
     1>c:\program files (x86)\windows kits\8.1\include\shared\minwindef.h(130): warning C4005: 'APIENTRY' : macro redefinition
                 c:\users\albin\documents\github\elements-of-animation\new try\deps\include\glfw\glfw3.h(98) : see previous definition of 'APIENTRY'
     1>c:\users\albin\documents\github\elements-of-animation\new try\vs13-pathfinding\vs13-pathfinding\solidsphere.cpp(32): warning C4244: 'initializing' : conversion from 'double' to 'const float', possible loss of data
     1>c:\users\albin\documents\github\elements-of-animation\new try\vs13-pathfinding\vs13-pathfinding\solidsphere.cpp(33): warning C4244: 'initializing' : conversion from 'double' to 'const float', possible loss of data
     1>c:\users\albin\documents\github\elements-of-animation\new try\vs13-pathfinding\vs13-pathfinding\solidsphere.cpp(36): warning C4305: 'initializing' : truncation from 'double' to 'const float'
     1>c:\users\albin\documents\github\elements-of-animation\new try\vs13-pathfinding\vs13-pathfinding\solidsphere.cpp(44): warning C4018: '<' : signed/unsigned mismatch
     1>c:\users\albin\documents\github\elements-of-animation\new try\vs13-pathfinding\vs13-pathfinding\solidsphere.cpp(58): warning C4018: '<' : signed/unsigned mismatch
     1>c:\users\albin\documents\github\elements-of-animation\new try\vs13-pathfinding\vs13-pathfinding\solidsphere.cpp(75): warning C4018: '<' : signed/unsigned mismatch
     1>c:\users\albin\documents\github\elements-of-animation\new try\vs13-pathfinding\vs13-pathfinding\solidsphere.cpp(93): warning C4018: '<' : signed/unsigned mismatch
     1>c:\users\albin\documents\github\elements-of-animation\new try\vs13-pathfinding\vs13-pathfinding\solidsphere.cpp(104): warning C4018: '<' : signed/unsigned mismatch
     1>c:\users\albin\documents\github\elements-of-animation\new try\vs13-pathfinding\vs13-pathfinding\solidsphere.cpp(118): warning C4018: '<' : signed/unsigned mismatch
     1>c:\users\albin\documents\github\elements-of-animation\new try\vs13-pathfinding\vs13-pathfinding\grid.cpp(97): warning C4018: '<' : signed/unsigned mismatch
     1>c:\users\albin\documents\github\elements-of-animation\new try\vs13-pathfinding\vs13-pathfinding\grid.cpp(119): warning C4018: '<' : signed/unsigned mismatch
     1>c:\users\albin\documents\github\elements-of-animation\new try\vs13-pathfinding\vs13-pathfinding\grid.cpp(139): warning C4018: '<' : signed/unsigned mismatch
     1>c:\users\albin\documents\github\elements-of-animation\new try\vs13-pathfinding\vs13-pathfinding\grid.cpp(158): warning C4018: '<' : signed/unsigned mismatch
     1>c:\users\albin\documents\github\elements-of-animation\new try\vs13-pathfinding\vs13-pathfinding\grid.cpp(159): warning C4018: '<' : signed/unsigned mismatch
     1>c:\users\albin\documents\github\elements-of-animation\new try\vs13-pathfinding\vs13-pathfinding\grid.cpp(160): warning C4244: '=' : conversion from 'int' to 'float', possible loss of data
     1>c:\users\albin\documents\github\elements-of-animation\new try\vs13-pathfinding\vs13-pathfinding\grid.cpp(164): warning C4018: '<' : signed/unsigned mismatch
     1>c:\users\albin\documents\github\elements-of-animation\new try\vs13-pathfinding\vs13-pathfinding\grid.cpp(165): warning C4018: '<' : signed/unsigned mismatch
     1>c:\users\albin\documents\github\elements-of-animation\new try\vs13-pathfinding\vs13-pathfinding\grid.cpp(166): warning C4244: '=' : conversion from 'int' to 'float', possible loss of data
     1>c:\users\albin\documents\github\elements-of-animation\new try\vs13-pathfinding\vs13-pathfinding\main.cpp(69): warning C4244: 'initializing' : conversion from 'double' to 'float', possible loss of data
     1>c:\users\albin\documents\github\elements-of-animation\new try\vs13-pathfinding\vs13-pathfinding\main.cpp(168): warning C4018: '<' : signed/unsigned mismatch
     1>c:\users\albin\documents\github\elements-of-animation\new try\vs13-pathfinding\vs13-pathfinding\main.cpp(169): warning C4018: '<' : signed/unsigned mismatch
     1>c:\users\albin\documents\github\elements-of-animation\new try\vs13-pathfinding\vs13-pathfinding\main.cpp(175): warning C4018: '<' : signed/unsigned mismatch
     1>c:\users\albin\documents\github\elements-of-animation\new try\vs13-pathfinding\vs13-pathfinding\main.cpp(198): warning C4018: '<' : signed/unsigned mismatch
     1>c:\users\albin\documents\github\elements-of-animation\new try\vs13-pathfinding\vs13-pathfinding\main.cpp(216): warning C4018: '<' : signed/unsigned mismatch
     1>c:\users\albin\documents\github\elements-of-animation\new try\vs13-pathfinding\vs13-pathfinding\main.cpp(318): warning C4244: 'argument' : conversion from 'float' to 'DWORD', possible loss of data
     1>c:\users\albin\documents\github\elements-of-animation\new try\vs13-pathfinding\vs13-pathfinding\main.cpp(507): warning C4244: 'argument' : conversion from 'double' to 'const float', possible loss of data
     1>c:\users\albin\documents\github\elements-of-animation\new try\vs13-pathfinding\vs13-pathfinding\main.cpp(517): warning C4244: 'argument' : conversion from 'double' to 'const float', possible loss of data
     1>c:\users\albin\documents\github\elements-of-animation\new try\vs13-pathfinding\vs13-pathfinding\main.cpp(544): warning C4244: 'argument' : conversion from 'double' to 'float', possible loss of data
       Link:
         C:\Program Files (x86)\Microsoft Visual Studio 12.0\VC\bin\link.exe /ERRORREPORT:PROMPT /OUT:"C:\Users\Albin\Documents\GitHub\Elements-of-Animation\New try\VS13-Pathfinding\Debug\VS13-Pathfinding.exe" /INCREMENTAL /NOLOGO opengl32.lib glew32s.lib glfw3.lib glfw3dll.lib glut32.lib freeglut.lib cal3d_d.lib kernel32.lib user32.lib gdi32.lib winspool.lib comdlg32.lib advapi32.lib shell32.lib ole32.lib oleaut32.lib uuid.lib odbc32.lib odbccp32.lib /MANIFEST /MANIFESTUAC:"level='asInvoker' uiAccess='false'" /manifest:embed /DEBUG /PDB:"C:\Users\Albin\Documents\GitHub\Elements-of-Animation\New try\VS13-Pathfinding\Debug\VS13-Pathfinding.pdb" /TLBID:1 /DYNAMICBASE /NXCOMPAT /IMPLIB:"C:\Users\Albin\Documents\GitHub\Elements-of-Animation\New try\VS13-Pathfinding\Debug\VS13-Pathfinding.lib" /MACHINE:X86 Debug\bidirectional.obj
         Debug\Grid.obj
         Debug\main.obj
         Debug\Model.obj
         Debug\Node.obj
         Debug\Particle.obj
         Debug\Plane.obj
         Debug\shaderLoader.obj
         Debug\SolidSphere.obj
     1>LINK : warning LNK4098: defaultlib 'LIBCMT' conflicts with use of other libs; use /NODEFAULTLIB:library
     1>LINK : warning LNK4098: defaultlib 'MSVCRT' conflicts with use of other libs; use /NODEFAULTLIB:library
     1>Particle.obj : warning LNK4049: locally defined symbol ___glewBindBuffer imported
     1>Plane.obj : warning LNK4049: locally defined symbol ___glewBindBuffer imported
     1>Particle.obj : warning LNK4049: locally defined symbol ___glewBufferData imported
     1>Plane.obj : warning LNK4049: locally defined symbol ___glewBufferData imported
     1>Particle.obj : warning LNK4049: locally defined symbol ___glewGenBuffers imported
     1>Plane.obj : warning LNK4217: locally defined symbol ___glewGenBuffers imported in function "public: virtual char const * __thiscall std::_System_error_category::name(void)const " (?name@_System_error_category@std@@UBEPBDXZ)
     1>Particle.obj : warning LNK4049: locally defined symbol ___glewEnableVertexAttribArray imported
     1>Plane.obj : warning LNK4049: locally defined symbol ___glewEnableVertexAttribArray imported
     1>Particle.obj : warning LNK4049: locally defined symbol ___glewUseProgram imported
     1>Plane.obj : warning LNK4049: locally defined symbol ___glewUseProgram imported
     1>Particle.obj : warning LNK4049: locally defined symbol ___glewVertexAttribPointer imported
     1>Plane.obj : warning LNK4049: locally defined symbol ___glewVertexAttribPointer imported
     1>Particle.obj : warning LNK4049: locally defined symbol ___glewBindVertexArray imported
     1>Plane.obj : warning LNK4217: locally defined symbol ___glewBindVertexArray imported in function "void __cdecl `dynamic initializer for 'public: static class std::_Generic_error_category std::_Error_objects<int>::_Generic_object''(void)" (??__E?_Generic_object@?$_Error_objects@H@std@@2V_Generic_error_category@2@A@@YAXXZ)
     1>Particle.obj : warning LNK4049: locally defined symbol ___glewGenVertexArrays imported
     1>Plane.obj : warning LNK4049: locally defined symbol ___glewGenVertexArrays imported
     1>shaderLoader.obj : warning LNK4049: locally defined symbol ___glewAttachShader imported
     1>shaderLoader.obj : warning LNK4049: locally defined symbol ___glewCompileShader imported
     1>shaderLoader.obj : warning LNK4049: locally defined symbol ___glewCreateProgram imported
     1>shaderLoader.obj : warning LNK4049: locally defined symbol ___glewCreateShader imported
     1>shaderLoader.obj : warning LNK4049: locally defined symbol ___glewDeleteShader imported
     1>shaderLoader.obj : warning LNK4049: locally defined symbol ___glewDetachShader imported
     1>shaderLoader.obj : warning LNK4049: locally defined symbol ___glewGetProgramInfoLog imported
     1>shaderLoader.obj : warning LNK4049: locally defined symbol ___glewGetProgramiv imported
     1>shaderLoader.obj : warning LNK4049: locally defined symbol ___glewGetShaderInfoLog imported
     1>shaderLoader.obj : warning LNK4049: locally defined symbol ___glewGetShaderiv imported
     1>shaderLoader.obj : warning LNK4049: locally defined symbol ___glewLinkProgram imported
     1>shaderLoader.obj : warning LNK4049: locally defined symbol ___glewShaderSource imported
     1>glew32s.lib(glew.obj) : warning LNK4099: PDB 'vc120.pdb' was not found with 'glew32s.lib(glew.obj)' or at 'C:\Users\Albin\Documents\GitHub\Elements-of-Animation\New try\VS13-Pathfinding\Debug\vc120.pdb'; linking object as if no debug info
         VS13-Pathfinding.vcxproj -> C:\Users\Albin\Documents\GitHub\Elements-of-Animation\New try\VS13-Pathfinding\Debug\VS13-Pathfinding.exe
     1>Done Building Project "C:\Users\Albin\Documents\GitHub\Elements-of-Animation\New try\VS13-Pathfinding\VS13-Pathfinding\VS13-Pathfinding.vcxproj" (Build target(s)).

Build succeeded.

Time Elapsed 00:00:05.09
