  main.cpp
c:\program files (x86)\windows kits\8.1\include\shared\minwindef.h(130): warning C4005: 'APIENTRY': macro redefinition
  c:\users\albin\documents\github\elements-of-animation\deps\include\glfw\glfw3.h(98): note: see previous definition of 'APIENTRY'
c:\users\albin\documents\github\elements-of-animation\ea_pathfinding\ea_pathfinding\main.cpp(96): warning C4305: 'initializing': truncation from 'double' to 'float'
c:\users\albin\documents\github\elements-of-animation\ea_pathfinding\ea_pathfinding\main.cpp(125): warning C4018: '<': signed/unsigned mismatch
c:\users\albin\documents\github\elements-of-animation\ea_pathfinding\ea_pathfinding\main.cpp(126): warning C4018: '<': signed/unsigned mismatch
c:\users\albin\documents\github\elements-of-animation\ea_pathfinding\ea_pathfinding\main.cpp(147): warning C4244: 'argument': conversion from 'float' to 'DWORD', possible loss of data
c:\users\albin\documents\github\elements-of-animation\ea_pathfinding\ea_pathfinding\main.cpp(209): warning C4244: 'argument': conversion from 'double' to 'float', possible loss of data
LINK : warning LNK4098: defaultlib 'LIBCMT' conflicts with use of other libs; use /NODEFAULTLIB:library
Particle.obj : warning LNK4049: locally defined symbol ___glewBindBuffer imported
Plane.obj : warning LNK4049: locally defined symbol ___glewBindBuffer imported
Particle.obj : warning LNK4049: locally defined symbol ___glewBufferData imported
Plane.obj : warning LNK4049: locally defined symbol ___glewBufferData imported
Particle.obj : warning LNK4049: locally defined symbol ___glewGenBuffers imported
Plane.obj : warning LNK4049: locally defined symbol ___glewGenBuffers imported
Particle.obj : warning LNK4049: locally defined symbol ___glewEnableVertexAttribArray imported
Plane.obj : warning LNK4217: locally defined symbol ___glewEnableVertexAttribArray imported in function "void __cdecl std::_Deallocate(void *,unsigned int,unsigned int)" (?_Deallocate@std@@YAXPAXII@Z)
Particle.obj : warning LNK4049: locally defined symbol ___glewUseProgram imported
Plane.obj : warning LNK4049: locally defined symbol ___glewUseProgram imported
Particle.obj : warning LNK4049: locally defined symbol ___glewVertexAttribPointer imported
Plane.obj : warning LNK4049: locally defined symbol ___glewVertexAttribPointer imported
Particle.obj : warning LNK4049: locally defined symbol ___glewBindVertexArray imported
Plane.obj : warning LNK4049: locally defined symbol ___glewBindVertexArray imported
Particle.obj : warning LNK4049: locally defined symbol ___glewGenVertexArrays imported
Plane.obj : warning LNK4217: locally defined symbol ___glewGenVertexArrays imported in function "void __cdecl std::_Deallocate(void *,unsigned int,unsigned int)" (?_Deallocate@std@@YAXPAXII@Z)
shaderLoader.obj : warning LNK4049: locally defined symbol ___glewAttachShader imported
shaderLoader.obj : warning LNK4049: locally defined symbol ___glewCompileShader imported
shaderLoader.obj : warning LNK4049: locally defined symbol ___glewCreateProgram imported
shaderLoader.obj : warning LNK4049: locally defined symbol ___glewCreateShader imported
shaderLoader.obj : warning LNK4049: locally defined symbol ___glewDeleteShader imported
shaderLoader.obj : warning LNK4049: locally defined symbol ___glewDetachShader imported
shaderLoader.obj : warning LNK4049: locally defined symbol ___glewGetProgramInfoLog imported
shaderLoader.obj : warning LNK4049: locally defined symbol ___glewGetProgramiv imported
shaderLoader.obj : warning LNK4049: locally defined symbol ___glewGetShaderInfoLog imported
shaderLoader.obj : warning LNK4049: locally defined symbol ___glewGetShaderiv imported
shaderLoader.obj : warning LNK4049: locally defined symbol ___glewLinkProgram imported
shaderLoader.obj : warning LNK4049: locally defined symbol ___glewShaderSource imported
glew32s.lib(glew.obj) : warning LNK4099: PDB 'vc120.pdb' was not found with 'glew32s.lib(glew.obj)' or at 'C:\Users\Albin\Documents\GitHub\Elements-of-Animation\EA_Pathfinding\Debug\vc120.pdb'; linking object as if no debug info
glfw3.lib(context.obj) : warning LNK4099: PDB 'glfw.pdb' was not found with 'glfw3.lib(context.obj)' or at 'C:\Users\Albin\Documents\GitHub\Elements-of-Animation\EA_Pathfinding\Debug\glfw.pdb'; linking object as if no debug info
glfw3.lib(init.obj) : warning LNK4099: PDB 'glfw.pdb' was not found with 'glfw3.lib(init.obj)' or at 'C:\Users\Albin\Documents\GitHub\Elements-of-Animation\EA_Pathfinding\Debug\glfw.pdb'; linking object as if no debug info
glfw3.lib(input.obj) : warning LNK4099: PDB 'glfw.pdb' was not found with 'glfw3.lib(input.obj)' or at 'C:\Users\Albin\Documents\GitHub\Elements-of-Animation\EA_Pathfinding\Debug\glfw.pdb'; linking object as if no debug info
glfw3.lib(monitor.obj) : warning LNK4099: PDB 'glfw.pdb' was not found with 'glfw3.lib(monitor.obj)' or at 'C:\Users\Albin\Documents\GitHub\Elements-of-Animation\EA_Pathfinding\Debug\glfw.pdb'; linking object as if no debug info
glfw3.lib(vulkan.obj) : warning LNK4099: PDB 'glfw.pdb' was not found with 'glfw3.lib(vulkan.obj)' or at 'C:\Users\Albin\Documents\GitHub\Elements-of-Animation\EA_Pathfinding\Debug\glfw.pdb'; linking object as if no debug info
glfw3.lib(window.obj) : warning LNK4099: PDB 'glfw.pdb' was not found with 'glfw3.lib(window.obj)' or at 'C:\Users\Albin\Documents\GitHub\Elements-of-Animation\EA_Pathfinding\Debug\glfw.pdb'; linking object as if no debug info
glfw3.lib(win32_init.obj) : warning LNK4099: PDB 'glfw.pdb' was not found with 'glfw3.lib(win32_init.obj)' or at 'C:\Users\Albin\Documents\GitHub\Elements-of-Animation\EA_Pathfinding\Debug\glfw.pdb'; linking object as if no debug info
glfw3.lib(win32_joystick.obj) : warning LNK4099: PDB 'glfw.pdb' was not found with 'glfw3.lib(win32_joystick.obj)' or at 'C:\Users\Albin\Documents\GitHub\Elements-of-Animation\EA_Pathfinding\Debug\glfw.pdb'; linking object as if no debug info
glfw3.lib(win32_monitor.obj) : warning LNK4099: PDB 'glfw.pdb' was not found with 'glfw3.lib(win32_monitor.obj)' or at 'C:\Users\Albin\Documents\GitHub\Elements-of-Animation\EA_Pathfinding\Debug\glfw.pdb'; linking object as if no debug info
glfw3.lib(win32_time.obj) : warning LNK4099: PDB 'glfw.pdb' was not found with 'glfw3.lib(win32_time.obj)' or at 'C:\Users\Albin\Documents\GitHub\Elements-of-Animation\EA_Pathfinding\Debug\glfw.pdb'; linking object as if no debug info
glfw3.lib(win32_tls.obj) : warning LNK4099: PDB 'glfw.pdb' was not found with 'glfw3.lib(win32_tls.obj)' or at 'C:\Users\Albin\Documents\GitHub\Elements-of-Animation\EA_Pathfinding\Debug\glfw.pdb'; linking object as if no debug info
glfw3.lib(win32_window.obj) : warning LNK4099: PDB 'glfw.pdb' was not found with 'glfw3.lib(win32_window.obj)' or at 'C:\Users\Albin\Documents\GitHub\Elements-of-Animation\EA_Pathfinding\Debug\glfw.pdb'; linking object as if no debug info
glfw3.lib(wgl_context.obj) : warning LNK4099: PDB 'glfw.pdb' was not found with 'glfw3.lib(wgl_context.obj)' or at 'C:\Users\Albin\Documents\GitHub\Elements-of-Animation\EA_Pathfinding\Debug\glfw.pdb'; linking object as if no debug info
glfw3.lib(egl_context.obj) : warning LNK4099: PDB 'glfw.pdb' was not found with 'glfw3.lib(egl_context.obj)' or at 'C:\Users\Albin\Documents\GitHub\Elements-of-Animation\EA_Pathfinding\Debug\glfw.pdb'; linking object as if no debug info
  EA_Pathfinding.vcxproj -> C:\Users\Albin\Documents\GitHub\Elements-of-Animation\EA_Pathfinding\Debug\EA_Pathfinding.exe
  EA_Pathfinding.vcxproj -> C:\Users\Albin\Documents\GitHub\Elements-of-Animation\EA_Pathfinding\Debug\EA_Pathfinding.pdb (Partial PDB)
