  Plane.cpp
Plane.cpp(90): warning C4018: '<': signed/unsigned mismatch
Plane.cpp(96): warning C4018: '<': signed/unsigned mismatch
Plane.cpp(123): warning C4244: '+=': conversion from 'double' to 'float', possible loss of data
Plane.cpp(125): warning C4244: '+=': conversion from 'double' to 'float', possible loss of data
Plane.cpp(128): warning C4244: '+=': conversion from 'double' to 'float', possible loss of data
Plane.cpp(130): warning C4244: '+=': conversion from 'double' to 'float', possible loss of data
Plane.cpp(133): warning C4244: '+=': conversion from 'double' to 'float', possible loss of data
Plane.cpp(135): warning C4244: '+=': conversion from 'double' to 'float', possible loss of data
Plane.cpp(138): warning C4244: '+=': conversion from 'double' to 'float', possible loss of data
Plane.cpp(140): warning C4244: '+=': conversion from 'double' to 'float', possible loss of data
Plane.cpp(142): warning C4244: '-=': conversion from 'double' to 'float', possible loss of data
Plane.cpp(147): warning C4018: '<': signed/unsigned mismatch
Plane.cpp(149): warning C4244: '+=': conversion from 'double' to 'float', possible loss of data
Plane.cpp(150): warning C4244: '*=': conversion from 'double' to 'float', possible loss of data
Plane.cpp(151): warning C4244: '+=': conversion from 'double' to 'float', possible loss of data
Plane.cpp(164): warning C4018: '<': signed/unsigned mismatch
Plane.cpp(177): warning C4018: '<': signed/unsigned mismatch
Plane.cpp(180): warning C4244: '=': conversion from 'double' to 'float', possible loss of data
Plane.cpp(192): warning C4018: '<': signed/unsigned mismatch
Plane.cpp(211): warning C4018: '<': signed/unsigned mismatch
Plane.cpp(218): warning C4018: '<': signed/unsigned mismatch
Plane.cpp(225): warning C4018: '<': signed/unsigned mismatch
LINK : warning LNK4098: defaultlib 'LIBCMT' conflicts with use of other libs; use /NODEFAULTLIB:library
LINK : warning LNK4098: defaultlib 'MSVCRTD' conflicts with use of other libs; use /NODEFAULTLIB:library
  Generating code
  1 of 482 functions ( 0.2%) were compiled, the rest were copied from previous compilation.
    0 functions were new in current compilation
    1 functions had inline decision re-evaluated but remain unchanged
  Finished generating code
Plane.obj : warning LNK4049: locally defined symbol ___glewGenBuffers imported
Plane.obj : warning LNK4049: locally defined symbol ___glewGenVertexArrays imported
Plane.obj : warning LNK4049: locally defined symbol ___glewBufferData imported
Plane.obj : warning LNK4049: locally defined symbol ___glewBindBuffer imported
Plane.obj : warning LNK4049: locally defined symbol ___glewVertexAttribPointer imported
Plane.obj : warning LNK4049: locally defined symbol ___glewUseProgram imported
Plane.obj : warning LNK4049: locally defined symbol ___glewBindVertexArray imported
Plane.obj : warning LNK4049: locally defined symbol ___glewEnableVertexAttribArray imported
shaderLoader.obj : warning LNK4049: locally defined symbol ___glewLinkProgram imported
shaderLoader.obj : warning LNK4049: locally defined symbol ___glewDeleteShader imported
shaderLoader.obj : warning LNK4049: locally defined symbol ___glewGetProgramInfoLog imported
shaderLoader.obj : warning LNK4049: locally defined symbol ___glewDetachShader imported
shaderLoader.obj : warning LNK4049: locally defined symbol ___glewShaderSource imported
shaderLoader.obj : warning LNK4049: locally defined symbol ___glewAttachShader imported
shaderLoader.obj : warning LNK4049: locally defined symbol ___glewGetProgramiv imported
shaderLoader.obj : warning LNK4049: locally defined symbol ___glewGetShaderInfoLog imported
shaderLoader.obj : warning LNK4049: locally defined symbol ___glewCreateProgram imported
shaderLoader.obj : warning LNK4049: locally defined symbol ___glewCreateShader imported
shaderLoader.obj : warning LNK4049: locally defined symbol ___glewCompileShader imported
shaderLoader.obj : warning LNK4049: locally defined symbol ___glewGetShaderiv imported
glew32s.lib(glew.obj) : warning LNK4099: PDB 'vc120.pdb' was not found with 'glew32s.lib(glew.obj)' or at 'C:\Users\Albin\Documents\GitHub\Elements-of-Animation\EA_Pathfinding\Release\vc120.pdb'; linking object as if no debug info
glfw3.lib(context.obj) : warning LNK4099: PDB 'glfw.pdb' was not found with 'glfw3.lib(context.obj)' or at 'C:\Users\Albin\Documents\GitHub\Elements-of-Animation\EA_Pathfinding\Release\glfw.pdb'; linking object as if no debug info
glfw3.lib(init.obj) : warning LNK4099: PDB 'glfw.pdb' was not found with 'glfw3.lib(init.obj)' or at 'C:\Users\Albin\Documents\GitHub\Elements-of-Animation\EA_Pathfinding\Release\glfw.pdb'; linking object as if no debug info
glfw3.lib(input.obj) : warning LNK4099: PDB 'glfw.pdb' was not found with 'glfw3.lib(input.obj)' or at 'C:\Users\Albin\Documents\GitHub\Elements-of-Animation\EA_Pathfinding\Release\glfw.pdb'; linking object as if no debug info
glfw3.lib(monitor.obj) : warning LNK4099: PDB 'glfw.pdb' was not found with 'glfw3.lib(monitor.obj)' or at 'C:\Users\Albin\Documents\GitHub\Elements-of-Animation\EA_Pathfinding\Release\glfw.pdb'; linking object as if no debug info
glfw3.lib(vulkan.obj) : warning LNK4099: PDB 'glfw.pdb' was not found with 'glfw3.lib(vulkan.obj)' or at 'C:\Users\Albin\Documents\GitHub\Elements-of-Animation\EA_Pathfinding\Release\glfw.pdb'; linking object as if no debug info
glfw3.lib(window.obj) : warning LNK4099: PDB 'glfw.pdb' was not found with 'glfw3.lib(window.obj)' or at 'C:\Users\Albin\Documents\GitHub\Elements-of-Animation\EA_Pathfinding\Release\glfw.pdb'; linking object as if no debug info
glfw3.lib(win32_init.obj) : warning LNK4099: PDB 'glfw.pdb' was not found with 'glfw3.lib(win32_init.obj)' or at 'C:\Users\Albin\Documents\GitHub\Elements-of-Animation\EA_Pathfinding\Release\glfw.pdb'; linking object as if no debug info
glfw3.lib(win32_joystick.obj) : warning LNK4099: PDB 'glfw.pdb' was not found with 'glfw3.lib(win32_joystick.obj)' or at 'C:\Users\Albin\Documents\GitHub\Elements-of-Animation\EA_Pathfinding\Release\glfw.pdb'; linking object as if no debug info
glfw3.lib(win32_monitor.obj) : warning LNK4099: PDB 'glfw.pdb' was not found with 'glfw3.lib(win32_monitor.obj)' or at 'C:\Users\Albin\Documents\GitHub\Elements-of-Animation\EA_Pathfinding\Release\glfw.pdb'; linking object as if no debug info
glfw3.lib(win32_time.obj) : warning LNK4099: PDB 'glfw.pdb' was not found with 'glfw3.lib(win32_time.obj)' or at 'C:\Users\Albin\Documents\GitHub\Elements-of-Animation\EA_Pathfinding\Release\glfw.pdb'; linking object as if no debug info
glfw3.lib(win32_tls.obj) : warning LNK4099: PDB 'glfw.pdb' was not found with 'glfw3.lib(win32_tls.obj)' or at 'C:\Users\Albin\Documents\GitHub\Elements-of-Animation\EA_Pathfinding\Release\glfw.pdb'; linking object as if no debug info
glfw3.lib(win32_window.obj) : warning LNK4099: PDB 'glfw.pdb' was not found with 'glfw3.lib(win32_window.obj)' or at 'C:\Users\Albin\Documents\GitHub\Elements-of-Animation\EA_Pathfinding\Release\glfw.pdb'; linking object as if no debug info
glfw3.lib(wgl_context.obj) : warning LNK4099: PDB 'glfw.pdb' was not found with 'glfw3.lib(wgl_context.obj)' or at 'C:\Users\Albin\Documents\GitHub\Elements-of-Animation\EA_Pathfinding\Release\glfw.pdb'; linking object as if no debug info
glfw3.lib(egl_context.obj) : warning LNK4099: PDB 'glfw.pdb' was not found with 'glfw3.lib(egl_context.obj)' or at 'C:\Users\Albin\Documents\GitHub\Elements-of-Animation\EA_Pathfinding\Release\glfw.pdb'; linking object as if no debug info
  EA_Pathfinding.vcxproj -> C:\Users\Albin\Documents\GitHub\Elements-of-Animation\EA_Pathfinding\Release\EA_Pathfinding.exe
  EA_Pathfinding.vcxproj -> C:\Users\Albin\Documents\GitHub\Elements-of-Animation\EA_Pathfinding\Release\EA_Pathfinding.pdb (Full PDB)
