Build started 11/01/2017 21:29:31.
     1>Project "C:\Users\Albin\Documents\GitHub\Elements-of-Animation\New try\VS13-Pathfinding\VS13-Pathfinding\VS13-Pathfinding.vcxproj" on node 2 (Rebuild target(s)).
     1>ClCompile:
         C:\Program Files (x86)\Microsoft Visual Studio 12.0\VC\bin\CL.exe /c /Zi /nologo /W3 /WX- /sdl /O2 /Oi /Oy- /GL /D _MBCS /Gm- /EHsc /MD /GS /Gy /fp:precise /Zc:wchar_t /Zc:forScope /Fo"Release\\" /Fd"Release\vc120.pdb" /Gd /TP /analyze- /errorReport:prompt bidirectional.cpp Grid.cpp main.cpp Model.cpp Node.cpp Particle.cpp Plane.cpp shaderLoader.cpp SolidSphere.cpp
         bidirectional.cpp
     1>c:\users\albin\documents\github\elements-of-animation\new try\vs13-pathfinding\vs13-pathfinding\Plane.h(5): fatal error C1083: Cannot open include file: 'GL/glew.h': No such file or directory
         Grid.cpp
     1>c:\users\albin\documents\github\elements-of-animation\new try\vs13-pathfinding\vs13-pathfinding\Plane.h(5): fatal error C1083: Cannot open include file: 'GL/glew.h': No such file or directory
         main.cpp
     1>main.cpp(8): fatal error C1083: Cannot open include file: 'GL/glew.h': No such file or directory
         Model.cpp
     1>c:\users\albin\documents\github\elements-of-animation\new try\vs13-pathfinding\vs13-pathfinding\global.h(33): fatal error C1083: Cannot open include file: 'GL/glut.h': No such file or directory
         Node.cpp
         Particle.cpp
     1>c:\users\albin\documents\github\elements-of-animation\new try\vs13-pathfinding\vs13-pathfinding\Particle.h(4): fatal error C1083: Cannot open include file: 'GL/glew.h': No such file or directory
         Plane.cpp
     1>c:\users\albin\documents\github\elements-of-animation\new try\vs13-pathfinding\vs13-pathfinding\Plane.h(5): fatal error C1083: Cannot open include file: 'GL/glew.h': No such file or directory
         shaderLoader.cpp
     1>c:\users\albin\documents\github\elements-of-animation\new try\vs13-pathfinding\vs13-pathfinding\shaderLoader.h(3): fatal error C1083: Cannot open include file: 'GL/glew.h': No such file or directory
         SolidSphere.cpp
     1>SolidSphere.cpp(2): fatal error C1083: Cannot open include file: 'GL/glew.h': No such file or directory
     1>Done Building Project "C:\Users\Albin\Documents\GitHub\Elements-of-Animation\New try\VS13-Pathfinding\VS13-Pathfinding\VS13-Pathfinding.vcxproj" (Rebuild target(s)) -- FAILED.

Build FAILED.

Time Elapsed 00:00:03.86
